INFO Watching for file changes with StatReloader
INFO Watching for file changes with StatReloader
INFO Watching for file changes with StatReloader
WARNING Not Found: /favicon.ico
WARNING Not Found: /outing/post
WARNING Not Found: /outing/post
INFO Watching for file changes with StatReloader
WARNING Not Found: /outing/post
WARNING Not Found: /outing/post
WARNING Not Found: /favicon.ico
WARNING Not Found: /outing/post
WARNING Not Found: /outing/post
WARNING Not Found: /outing/post
WARNING Not Found: /favicon.ico
WARNING Not Found: /outing/post
WARNING Forbidden (CSRF token missing.): /outing/api/form/save
WARNING Forbidden (CSRF token missing.): /outing/api/form/save
INFO E:\repos\github\empty-py-demo\mysite\mysite\settings.py changed, reloading.
INFO Watching for file changes with StatReloader
WARNING <WSGIRequest: POST '/outing/api/form/save'>
INFO POST
DEBUG POST
ERROR POST
WARNING <WSGIRequest: POST '/outing/api/form/save'>
INFO POST
DEBUG POST
ERROR POST
WARNING <WSGIRequest: POST '/outing/api/form/save'>
INFO POST
DEBUG POST
ERROR POST
WARNING <WSGIRequest: POST '/outing/api/form/save'>
INFO POST
DEBUG POST
ERROR POST
WARNING <WSGIRequest: POST '/outing/api/form/save'>
INFO POST
DEBUG POST
ERROR POST
WARNING <WSGIRequest: POST '/outing/api/form/save'>
INFO POST
DEBUG POST
ERROR POST
WARNING <WSGIRequest: POST '/outing/api/form/save'>
INFO POST
DEBUG POST
ERROR POST
WARNING <WSGIRequest: POST '/outing/api/form/save'>
INFO POST
DEBUG POST
ERROR POST
WARNING <WSGIRequest: POST '/outing/api/form/save'>
INFO POST
DEBUG POST
ERROR POST
WARNING <WSGIRequest: POST '/outing/api/form/save'>
INFO POST
DEBUG POST
ERROR POST
INFO E:\repos\github\empty-py-demo\mysite\outing\views.py changed, reloading.
INFO Watching for file changes with StatReloader
WARNING <WSGIRequest: POST '/outing/api/form/save'>
INFO POST
DEBUG POST
ERROR POST
ERROR Internal Server Error: /outing/api/form/save
Traceback (most recent call last):
  File "E:\repos\github\empty-py-demo\env1\Lib\site-packages\django\core\handlers\exception.py", line 55, in inner
    response = get_response(request)
               ^^^^^^^^^^^^^^^^^^^^^
  File "E:\repos\github\empty-py-demo\env1\Lib\site-packages\django\core\handlers\base.py", line 197, in _get_response
    response = wrapped_callback(request, *callback_args, **callback_kwargs)
               ^^^^^^^^^^^^^^^^^^^^^^^^^^^^^^^^^^^^^^^^^^^^^^^^^^^^^^^^^^^^
  File "E:\repos\github\empty-py-demo\mysite\outing\views.py", line 26, in form_save
    logger.info(request.data)
                ^^^^^^^^^^^^
AttributeError: 'WSGIRequest' object has no attribute 'data'
INFO E:\repos\github\empty-py-demo\mysite\outing\views.py changed, reloading.
INFO Watching for file changes with StatReloader
WARNING <WSGIRequest: POST '/outing/api/form/save'>
INFO POST
DEBUG POST
ERROR POST
INFO {}
INFO E:\repos\github\empty-py-demo\mysite\outing\views.py changed, reloading.
INFO Watching for file changes with StatReloader
WARNING <WSGIRequest: POST '/outing/api/form/save'>
INFO POST
DEBUG POST
ERROR POST
INFO b'{"testy":"test001"}'
INFO E:\repos\github\empty-py-demo\mysite\outing\models.py changed, reloading.
INFO Watching for file changes with StatReloader
INFO E:\repos\github\empty-py-demo\mysite\outing\views.py changed, reloading.
INFO Watching for file changes with StatReloader
